0 info it worked if it ends with ok
1 verbose cli [ '/usr/local/bin/node',
1 verbose cli   '/usr/local/bin/npm',
1 verbose cli   'install',
1 verbose cli   'rental' ]
2 info using npm@2.10.1
3 info using node@v0.12.4
4 verbose install initial load of /home/lono/javascript/react-rental/package.json
5 warn package.json react-rental@1.0.0 No description
6 warn package.json react-rental@1.0.0 No repository field.
7 warn package.json react-rental@1.0.0 No README data
8 verbose installManyTop reading scoped package data from /home/lono/javascript/react-rental/node_modules/body-parser/package.json
9 verbose installManyTop reading scoped package data from /home/lono/javascript/react-rental/node_modules/express/package.json
10 verbose readDependencies loading dependencies from /home/lono/javascript/react-rental/package.json
11 silly cache add args [ 'rental', null ]
12 verbose cache add spec rental
13 silly cache add parsed spec { raw: 'rental',
13 silly cache add   scope: null,
13 silly cache add   name: 'rental',
13 silly cache add   rawSpec: '',
13 silly cache add   spec: '*',
13 silly cache add   type: 'range' }
14 silly addNamed rental@*
15 verbose addNamed "*" is a valid semver range for rental
16 silly addNameRange { name: 'rental', range: '*', hasData: false }
17 silly mapToRegistry name rental
18 silly mapToRegistry using default registry
19 silly mapToRegistry registry https://registry.npmjs.org/
20 silly mapToRegistry uri https://registry.npmjs.org/rental
21 verbose addNameRange registry:https://registry.npmjs.org/rental not in flight; fetching
22 verbose request uri https://registry.npmjs.org/rental
23 verbose request no auth needed
24 info attempt registry request try #1 at 18:36:44
25 verbose request id 52f0627e3b8fbe29
26 http request GET https://registry.npmjs.org/rental
27 http 404 https://registry.npmjs.org/rental
28 verbose headers { 'content-type': 'application/json',
28 verbose headers   'cache-control': 'max-age=0',
28 verbose headers   'content-length': '2',
28 verbose headers   'accept-ranges': 'bytes',
28 verbose headers   date: 'Sun, 04 Oct 2015 01:36:44 GMT',
28 verbose headers   via: '1.1 varnish',
28 verbose headers   age: '0',
28 verbose headers   connection: 'keep-alive',
28 verbose headers   'x-served-by': 'cache-sjc3124-SJC',
28 verbose headers   'x-cache': 'MISS',
28 verbose headers   'x-cache-hits': '0',
28 verbose headers   'x-timer': 'S1443922604.854936,VS0,VE87' }
29 silly get cb [ 404,
29 silly get   { 'content-type': 'application/json',
29 silly get     'cache-control': 'max-age=0',
29 silly get     'content-length': '2',
29 silly get     'accept-ranges': 'bytes',
29 silly get     date: 'Sun, 04 Oct 2015 01:36:44 GMT',
29 silly get     via: '1.1 varnish',
29 silly get     age: '0',
29 silly get     connection: 'keep-alive',
29 silly get     'x-served-by': 'cache-sjc3124-SJC',
29 silly get     'x-cache': 'MISS',
29 silly get     'x-cache-hits': '0',
29 silly get     'x-timer': 'S1443922604.854936,VS0,VE87' } ]
30 verbose stack Error: Registry returned 404 for GET on https://registry.npmjs.org/rental
30 verbose stack     at CachingRegistryClient.<anonymous> (/usr/local/lib/node_modules/npm/node_modules/npm-registry-client/lib/request.js:239:14)
30 verbose stack     at Request._callback (/usr/local/lib/node_modules/npm/node_modules/npm-registry-client/lib/request.js:170:14)
30 verbose stack     at Request.self.callback (/usr/local/lib/node_modules/npm/node_modules/request/request.js:368:22)
30 verbose stack     at Request.emit (events.js:110:17)
30 verbose stack     at Request.<anonymous> (/usr/local/lib/node_modules/npm/node_modules/request/request.js:1219:14)
30 verbose stack     at Request.emit (events.js:129:20)
30 verbose stack     at IncomingMessage.<anonymous> (/usr/local/lib/node_modules/npm/node_modules/request/request.js:1167:12)
30 verbose stack     at IncomingMessage.emit (events.js:129:20)
30 verbose stack     at _stream_readable.js:908:16
30 verbose stack     at process._tickCallback (node.js:355:11)
31 verbose statusCode 404
32 verbose pkgid rental
33 verbose cwd /home/lono/javascript/react-rental/public/js
34 error Linux 3.13.0-39-generic
35 error argv "/usr/local/bin/node" "/usr/local/bin/npm" "install" "rental"
36 error node v0.12.4
37 error npm  v2.10.1
38 error code E404
39 error 404 Registry returned 404 for GET on https://registry.npmjs.org/rental
39 error 404
39 error 404 'rental' is not in the npm registry.
39 error 404 You should bug the author to publish it (or use the name yourself!)
39 error 404 It was specified as a dependency of 'react-rental'
39 error 404
39 error 404 Note that you can also install from a
39 error 404 tarball, folder, http url, or git url.
40 verbose exit [ 1, true ]
